<?xml version="1.0" encoding="UTF-8"?>
<testng-results ignored="0" total="1" passed="1" failed="0" skipped="0">
  <reporter-output>
  </reporter-output>
  <suite started-at="2025-11-17T12:57:24 IST" name="Default suite" finished-at="2025-11-17T12:57:29 IST" duration-ms="5298">
    <groups>
    </groups>
    <test started-at="2025-11-17T12:57:24 IST" name="Default test" finished-at="2025-11-17T12:57:29 IST" duration-ms="5298">
      <class name="PageObjectModel.runnerScript">
        <test-method is-config="true" signature="launchBrowser()[pri:0, instance:PageObjectModel.runnerScript@72057ecf]" started-at="2025-11-17T12:57:24 IST" name="launchBrowser" finished-at="2025-11-17T12:57:27 IST" duration-ms="3686" status="PASS">
          <reporter-output>
          </reporter-output>
        </test-method> <!-- launchBrowser -->
        <test-method signature="runner()[pri:0, instance:PageObjectModel.runnerScript@72057ecf]" started-at="2025-11-17T12:57:27 IST" name="runner" finished-at="2025-11-17T12:57:28 IST" duration-ms="1076" status="PASS">
          <reporter-output>
          </reporter-output>
        </test-method> <!-- runner -->
        <test-method is-config="true" signature="closeBrowser()[pri:0, instance:PageObjectModel.runnerScript@72057ecf]" started-at="2025-11-17T12:57:28 IST" name="closeBrowser" finished-at="2025-11-17T12:57:29 IST" duration-ms="449" status="PASS">
          <reporter-output>
          </reporter-output>
        </test-method> <!-- closeBrowser -->
      </class> <!-- PageObjectModel.runnerScript -->
    </test> <!-- Default test -->
  </suite> <!-- Default suite -->
</testng-results>
