<?xml version="1.0" encoding="UTF-8"?>
<!-- Generated by org.testng.reporters.JUnitXMLReporter -->
<testsuite ignored="5" hostname="Poulomi" failures="0" tests="3" name="Test" time="0.053" errors="0" timestamp="2025-11-14T11:28:08 IST">
  <testcase classname="Group_execution.Signup_test" name="signupByEmail" time="0.011"/>
  <testcase classname="Group_execution.Signup_test" name="signupByFB" time="0.002"/>
  <testcase classname="Group_execution.Signup_test" name="signupByTwitter" time="0.001"/>
  <testcase classname="Group_execution.LoginTest" name="loginByTwitter" time="0.0">
    <ignored/>
  </testcase> <!-- loginByTwitter -->
  <testcase classname="Group_execution.LoginTest" name="loginByEmail" time="0.0">
    <ignored/>
  </testcase> <!-- loginByEmail -->
  <testcase classname="Group_execution.Payment_test" name="paymentInDollers" time="0.0">
    <ignored/>
  </testcase> <!-- paymentInDollers -->
  <testcase classname="Group_execution.LoginTest" name="loginByFacebook" time="0.0">
    <ignored/>
  </testcase> <!-- loginByFacebook -->
  <testcase classname="Group_execution.Payment_test" name="paymentInRupees" time="0.0">
    <ignored/>
  </testcase> <!-- paymentInRupees -->
</testsuite> <!-- Test -->
