<?xml version="1.0" encoding="UTF-8"?>
<!-- Generated by org.testng.reporters.JUnitReportReporter -->
<testsuite hostname="Poulomi" failures="0" tests="2" name="dataprovider_1.FB_dataprovider" time="5.638" errors="0" timestamp="2025-11-17T12:30:49 IST" skipped="0">
  <testcase classname="dataprovider_1.FB_dataprovider" name="login" time="3.612"/>
  <system-out/>
  <testcase classname="dataprovider_1.FB_dataprovider" name="login" time="2.026"/>
  <system-out/>
</testsuite> <!-- dataprovider_1.FB_dataprovider -->
