<?xml version="1.0" encoding="UTF-8"?>
<!-- Generated by org.testng.reporters.JUnitReportReporter -->
<testsuite hostname="Poulomi" failures="0" tests="2" name="Group_execution.Payment_test" time="0.014" errors="0" timestamp="2025-11-05T11:27:19 IST" skipped="0">
  <testcase classname="Group_execution.Payment_test" name="paymentInRupees" time="0.012"/>
  <system-out/>
  <testcase classname="Group_execution.Payment_test" name="paymentInDollers" time="0.002"/>
  <system-out/>
</testsuite> <!-- Group_execution.Payment_test -->
