<?xml version="1.0" encoding="UTF-8"?>
<!-- Generated by org.testng.reporters.JUnitReportReporter -->
<testsuite hostname="Poulomi" failures="0" tests="3" name="Group_execution.Signup_test" time="0.014" errors="0" timestamp="2025-11-14T11:28:08 IST" skipped="0">
  <testcase classname="Group_execution.Signup_test" name="signupByEmail" time="0.011"/>
  <system-out/>
  <testcase classname="Group_execution.Signup_test" name="signupByFB" time="0.002"/>
  <system-out/>
  <testcase classname="Group_execution.Signup_test" name="signupByTwitter" time="0.001"/>
  <system-out/>
</testsuite> <!-- Group_execution.Signup_test -->
