<?xml version="1.0" encoding="UTF-8"?>
<!-- Generated by org.testng.reporters.JUnitReportReporter -->
<testsuite hostname="Poulomi" failures="0" tests="3" name="Group_execution.LoginTest" time="0.016" errors="0" timestamp="2025-11-05T11:27:01 IST" skipped="0">
  <testcase classname="Group_execution.LoginTest" name="loginByEmail" time="0.014"/>
  <system-out/>
  <testcase classname="Group_execution.LoginTest" name="loginByFacebook" time="0.002"/>
  <system-out/>
  <testcase classname="Group_execution.LoginTest" name="loginByTwitter" time="0.000"/>
  <system-out/>
</testsuite> <!-- Group_execution.LoginTest -->
